TN:
SF:src\config\db.ts
FN:6,(anonymous_1)
FN:15,initializeDatabase
FN:16,(anonymous_3)
FN:44,(anonymous_4)
FN:45,(anonymous_5)
FNF:5
FNH:3
FNDA:1,(anonymous_1)
FNDA:1,initializeDatabase
FNDA:1,(anonymous_3)
FNDA:0,(anonymous_4)
FNDA:0,(anonymous_5)
DA:1,1
DA:2,1
DA:4,1
DA:6,1
DA:7,1
DA:8,0
DA:10,1
DA:11,1
DA:16,1
DA:18,1
DA:28,1
DA:44,1
DA:45,0
DA:46,0
DA:47,0
DA:49,0
LF:16
LH:11
BRDA:4,0,0,1
BRDA:4,0,1,1
BRDA:7,1,0,0
BRDA:7,1,1,1
BRDA:46,2,0,0
BRDA:46,2,1,0
BRF:6
BRH:3
end_of_record
TN:
SF:src\controllers\quizcontroller.ts
FN:7,(anonymous_7)
FN:31,(anonymous_9)
FNF:2
FNH:2
FNDA:2,(anonymous_7)
FNDA:4,(anonymous_9)
DA:2,1
DA:5,1
DA:8,2
DA:9,2
DA:11,2
DA:12,0
DA:13,0
DA:16,2
DA:17,2
DA:18,1
DA:19,1
DA:22,1
DA:23,1
DA:25,0
DA:26,0
DA:32,4
DA:33,4
DA:34,4
DA:35,4
DA:37,4
DA:38,0
DA:39,0
DA:42,4
DA:43,1
DA:44,1
DA:48,3
DA:49,9
DA:50,0
DA:51,0
DA:53,9
DA:54,0
DA:55,0
DA:59,3
DA:60,3
DA:62,0
DA:63,0
LF:36
LH:24
BRDA:11,0,0,0
BRDA:11,0,1,2
BRDA:17,1,0,1
BRDA:17,1,1,1
BRDA:37,2,0,0
BRDA:37,2,1,4
BRDA:42,3,0,1
BRDA:42,3,1,3
BRDA:42,4,0,4
BRDA:42,4,1,3
BRDA:49,5,0,0
BRDA:49,5,1,9
BRDA:49,6,0,9
BRDA:49,6,1,9
BRDA:53,7,0,0
BRDA:53,7,1,9
BRF:16
BRH:12
end_of_record
TN:
SF:src\routes\quizrouter.ts
FNF:0
FNH:0
DA:1,1
DA:2,1
DA:4,1
DA:6,1
DA:7,1
DA:9,1
LF:6
LH:6
BRF:0
BRH:0
end_of_record
TN:
SF:src\services\quizservice.ts
FN:6,(anonymous_0)
FN:7,(anonymous_1)
FN:11,(anonymous_2)
FN:17,(anonymous_3)
FN:34,(anonymous_4)
FN:35,(anonymous_5)
FN:39,(anonymous_6)
FN:55,(anonymous_7)
FN:96,(anonymous_8)
FN:97,(anonymous_9)
FN:98,(anonymous_10)
FNF:11
FNH:11
FNDA:1,(anonymous_0)
FNDA:1,(anonymous_1)
FNDA:1,(anonymous_2)
FNDA:5,(anonymous_3)
FNDA:3,(anonymous_4)
FNDA:3,(anonymous_5)
FNDA:3,(anonymous_6)
FNDA:9,(anonymous_7)
FNDA:2,(anonymous_8)
FNDA:2,(anonymous_9)
FNDA:2,(anonymous_10)
DA:1,1
DA:4,1
DA:7,1
DA:8,1
DA:11,1
DA:12,1
DA:13,0
DA:14,0
DA:17,5
DA:28,1
DA:35,3
DA:36,3
DA:39,3
DA:40,3
DA:41,0
DA:42,0
DA:45,3
DA:46,0
DA:47,0
DA:50,3
DA:51,3
DA:54,3
DA:55,9
DA:58,3
DA:59,15
DA:60,15
DA:62,15
DA:63,7
DA:66,15
DA:67,5
DA:68,5
DA:70,5
DA:80,3
DA:86,3
DA:87,1
DA:90,3
DA:97,2
DA:98,2
DA:99,2
DA:100,0
DA:101,0
DA:103,2
LF:42
LH:34
BRDA:12,0,0,0
BRDA:12,0,1,1
BRDA:34,1,0,0
BRDA:40,2,0,0
BRDA:40,2,1,3
BRDA:45,3,0,0
BRDA:45,3,1,3
BRDA:62,4,0,7
BRDA:62,4,1,8
BRDA:66,5,0,5
BRDA:66,5,1,10
BRDA:68,6,0,1
BRDA:68,6,1,4
BRDA:73,7,0,1
BRDA:73,7,1,4
BRDA:73,8,0,5
BRDA:73,8,1,1
BRDA:86,9,0,1
BRDA:86,9,1,2
BRDA:99,10,0,0
BRDA:99,10,1,2
BRF:21
BRH:16
end_of_record
